빌드 시작: 2016-12-14 오전 11:38:28
     1>2 노드의 "C:\Users\이지민\Desktop\Negative_6\Negative_6.vcxproj" 프로젝트(build 대상)입니다.
     1>InitializeBuildStatus:
         "AlwaysCreate"이(가) 지정되었기 때문에 "Debug\Negative_6.unsuccessfulbuild"을(를) 만들고 있습니다.
       ClCompile:
         모든 출력이 최신 상태입니다.
         C:\Program Files (x86)\Microsoft Visual Studio 10.0\VC\bin\CL.exe /c /ZI /nologo /W3 /WX- /Od /Oy- /D WIN32 /D _WINDOWS /D _DEBUG /D _UNICODE /D UNICODE /D _AFXDLL /Gm /EHsc /RTC1 /MDd /GS /fp:precise /Zc:wchar_t /Zc:forScope /Yu"StdAfx.h" /Fp"Debug\Negative_6.pch" /Fo"Debug\\" /Fd"Debug\vc100.pdb" /Gd /TP /analyze- /errorReport:prompt Negative_6VIew_2.cpp
         Negative_6VIew_2.cpp
     1>c:\users\이지민\desktop\negative_6\negative_6view_2.cpp(69): warning C4101: 'dwPos' :참조되지 않은 지역 변수입니다.
     1>c:\users\이지민\desktop\negative_6\negative_6view_2.cpp(71): warning C4101: 'rgb' :참조되지 않은 지역 변수입니다.
       ResourceCompile:
         모든 출력이 최신 상태입니다.
       ManifestResourceCompile:
         모든 출력이 최신 상태입니다.
       Link:
         C:\Program Files (x86)\Microsoft Visual Studio 10.0\VC\bin\link.exe /ERRORREPORT:PROMPT /OUT:"C:\Users\이지민\Desktop\Negative_6\Debug\Negative_6.exe" /INCREMENTAL /NOLOGO /MANIFEST /ManifestFile:"Debug\Negative_6.exe.intermediate.manifest" /MANIFESTUAC:"level='asInvoker' uiAccess='false'" /DEBUG /PDB:"C:\Users\이지민\Desktop\Negative_6\Debug\Negative_6.pdb" /SUBSYSTEM:WINDOWS /TLBID:1 /ENTRY:"wWinMainCRTStartup" /DYNAMICBASE /NXCOMPAT /IMPLIB:"C:\Users\이지민\Desktop\Negative_6\Debug\Negative_6.lib" /MACHINE:X86 Debug\Negative_6.res
         Debug\Negative_6.exe.embed.manifest.res
         Debug\MainFrm.obj
         Debug\Negative_6.obj
         Debug\Negative_6Doc.obj
         Debug\Negative_6FormView.obj
         Debug\Negative_6View.obj
         Debug\Negative_6View2.obj
         Debug\Negative_6VIew_2.obj
         Debug\stdafx.obj
       Manifest:
         C:\Program Files (x86)\Microsoft SDKs\Windows\v7.0A\bin\mt.exe /nologo /verbose /out:"Debug\Negative_6.exe.embed.manifest" /manifest Debug\Negative_6.exe.intermediate.manifest "C:\Program Files (x86)\Microsoft Visual Studio 10.0\VC\Include\Manifest\dpiaware.manifest"
         모든 출력이 최신 상태입니다.
       LinkEmbedManifest:
         모든 출력이 최신 상태입니다.
         Negative_6.vcxproj -> C:\Users\이지민\Desktop\Negative_6\Debug\Negative_6.exe
       FinalizeBuildStatus:
         "Debug\Negative_6.unsuccessfulbuild" 파일을 삭제하고 있습니다.
         "Debug\Negative_6.lastbuildstate"에 연결(touching)하고 있습니다.
     1>"C:\Users\이지민\Desktop\Negative_6\Negative_6.vcxproj" 프로젝트를 빌드했습니다(build 대상).

빌드했습니다.

경과 시간: 00:00:00.89
